[debug] [2025-10-07T07:28:39.457Z] ----------------------------------------------------------------------
[debug] [2025-10-07T07:28:39.459Z] Command:       C:\Program Files\nodejs\node.exe E:\Projects\vattuchinhhang-admin\node_modules\firebase-tools\lib\bin\firebase.js deploy --only hosting --non-interactive
[debug] [2025-10-07T07:28:39.459Z] CLI Version:   14.18.0
[debug] [2025-10-07T07:28:39.460Z] Platform:      win32
[debug] [2025-10-07T07:28:39.460Z] Node Version:  v22.17.1
[debug] [2025-10-07T07:28:39.460Z] Time:          Tue Oct 07 2025 14:28:39 GMT+0700 (Indochina Time)
[debug] [2025-10-07T07:28:39.460Z] ----------------------------------------------------------------------
[debug] 
[debug] [2025-10-07T07:28:39.587Z] > command requires scopes: ["email","openid","https://www.googleapis.com/auth/cloudplatformprojects.readonly","https://www.googleapis.com/auth/firebase","https://www.googleapis.com/auth/cloud-platform"]
[debug] [2025-10-07T07:28:39.587Z] > authorizing via signed-in user (tungchinhus@gmail.com)
[debug] [2025-10-07T07:28:39.587Z] [iam] checking project vattuchinhhang-admin for permissions ["firebase.projects.get","firebasehosting.sites.update"]
[debug] [2025-10-07T07:28:39.588Z] Checked if tokens are valid: true, expires at: 1759824993841
[debug] [2025-10-07T07:28:39.588Z] Checked if tokens are valid: true, expires at: 1759824993841
[debug] [2025-10-07T07:28:39.589Z] >>> [apiv2][query] POST https://cloudresourcemanager.googleapis.com/v1/projects/vattuchinhhang-admin:testIamPermissions [none]
[debug] [2025-10-07T07:28:39.589Z] >>> [apiv2][(partial)header] POST https://cloudresourcemanager.googleapis.com/v1/projects/vattuchinhhang-admin:testIamPermissions x-goog-quota-user=projects/vattuchinhhang-admin
[debug] [2025-10-07T07:28:39.589Z] >>> [apiv2][body] POST https://cloudresourcemanager.googleapis.com/v1/projects/vattuchinhhang-admin:testIamPermissions {"permissions":["firebase.projects.get","firebasehosting.sites.update"]}
[debug] [2025-10-07T07:28:40.769Z] <<< [apiv2][status] POST https://cloudresourcemanager.googleapis.com/v1/projects/vattuchinhhang-admin:testIamPermissions 200
[debug] [2025-10-07T07:28:40.769Z] <<< [apiv2][body] POST https://cloudresourcemanager.googleapis.com/v1/projects/vattuchinhhang-admin:testIamPermissions {}
[debug] [2025-10-07T07:28:40.769Z] [iam] error while checking permissions, command may fail: Authorization failed. This account is missing the following required permissions on project vattuchinhhang-admin:

  firebase.projects.get
  firebasehosting.sites.update
[debug] [2025-10-07T07:28:40.770Z] Checked if tokens are valid: true, expires at: 1759824993841
[debug] [2025-10-07T07:28:40.770Z] Checked if tokens are valid: true, expires at: 1759824993841
[debug] [2025-10-07T07:28:40.770Z] >>> [apiv2][query] GET https://firebase.googleapis.com/v1beta1/projects/vattuchinhhang-admin [none]
[debug] [2025-10-07T07:28:41.363Z] <<< [apiv2][status] GET https://firebase.googleapis.com/v1beta1/projects/vattuchinhhang-admin 403
[debug] [2025-10-07T07:28:41.364Z] <<< [apiv2][body] GET https://firebase.googleapis.com/v1beta1/projects/vattuchinhhang-admin {"error":{"code":403,"message":"The caller does not have permission","status":"PERMISSION_DENIED"}}
[debug] [2025-10-07T07:28:41.366Z] Request to https://firebase.googleapis.com/v1beta1/projects/vattuchinhhang-admin had HTTP Error: 403, The caller does not have permission
[debug] [2025-10-07T07:28:41.548Z] FirebaseError: Request to https://firebase.googleapis.com/v1beta1/projects/vattuchinhhang-admin had HTTP Error: 403, The caller does not have permission
    at responseToError (E:\Projects\vattuchinhhang-admin\node_modules\firebase-tools\lib\responseToError.js:52:12)
    at RetryOperation._fn (E:\Projects\vattuchinhhang-admin\node_modules\firebase-tools\lib\apiv2.js:312:77)
    at process.processTicksAndRejections (node:internal/process/task_queues:105:5)
[error] 
[error] Error: Failed to get Firebase project vattuchinhhang-admin. Please make sure the project exists and your account has permission to access it.
